$
no
$
xmt
qag
lpz
pnh
jhh
vfh
utj
bai
nsr
qvl
rzd
$
uko
fzv
$
no
$
$
nvi
ygd
$
$
110
$
pnh
$
ygd
cxc
xmt
qag
lpz
pnh
jhh
$
$
$
bai
ztd
$
nvi
ygd
cxc
xmt
qag
lpz
$
$
$
no
$
no
$
110
$
no
$
no
$
ztd
bai
xaj
wwb
$
kib
ygd
cxc
xmt
qag
$
lpz
qag
$
no
$
no
$
yes
$
$
$
lpz
qag
xmt
cxc
ygd
kib
$
uko
eww
ygd
nvi
$
uko
eww
ygd
cxc
xmt
qag
lpz
pnh
jhh
vfh
utj
bai
wdk
$
$
no
$
no
$
eww
ygd
cxc
$
no
$
qvl
$
$
no
$
no
$
lrt
jhh
vfh
utj
bai
wdk
$
ztd
bai
utj
vfh
jhh
pnh
lpz
qag
xmt
cxc
ygd
eww
uko
$
qmx
wdk
bai
utj
vfh
$
no
$
no
$
no
$
wwb
xaj
bai
wdk
qmx
$
bai
$
no
$
